[16-Oct-2023 12:25:25] NOTICE: fpm is running, pid 12802
[16-Oct-2023 12:25:25] NOTICE: ready to handle connections
[16-Oct-2023 13:17:29] NOTICE: Terminating ...
[16-Oct-2023 13:17:29] NOTICE: Terminating ...
[16-Oct-2023 13:17:29] NOTICE: exiting, bye-bye!
[16-Oct-2023 13:17:30] NOTICE: fpm is running, pid 22155
[16-Oct-2023 13:17:30] NOTICE: ready to handle connections
[16-Oct-2023 13:18:22] ERROR: Another FPM instance seems to already listen on /home/vova/.config/Local/run/b341Q2eRi/php/php-fpm.socket
[16-Oct-2023 13:18:22] ERROR: FPM initialization failed
[16-Oct-2023 13:18:23] ERROR: Another FPM instance seems to already listen on /home/vova/.config/Local/run/b341Q2eRi/php/php-fpm.socket
[16-Oct-2023 13:18:23] ERROR: FPM initialization failed
[16-Oct-2023 13:18:23] ERROR: Another FPM instance seems to already listen on /home/vova/.config/Local/run/b341Q2eRi/php/php-fpm.socket
[16-Oct-2023 13:18:23] ERROR: FPM initialization failed
[16-Oct-2023 13:18:24] ERROR: Another FPM instance seems to already listen on /home/vova/.config/Local/run/b341Q2eRi/php/php-fpm.socket
[16-Oct-2023 13:18:24] ERROR: FPM initialization failed
[16-Oct-2023 13:18:30] NOTICE: fpm is running, pid 22393
[16-Oct-2023 13:18:30] NOTICE: ready to handle connections
[16-Oct-2023 13:18:40] NOTICE: Terminating ...
[16-Oct-2023 13:18:40] NOTICE: Terminating ...
[16-Oct-2023 13:18:40] NOTICE: exiting, bye-bye!
[16-Oct-2023 13:18:43] NOTICE: fpm is running, pid 22467
[16-Oct-2023 13:18:43] NOTICE: ready to handle connections
[16-Oct-2023 13:37:10] NOTICE: Terminating ...
[16-Oct-2023 13:37:10] NOTICE: Terminating ...
[16-Oct-2023 13:37:10] NOTICE: exiting, bye-bye!
[16-Oct-2023 13:37:15] NOTICE: fpm is running, pid 23271
[16-Oct-2023 13:37:15] NOTICE: ready to handle connections
[16-Oct-2023 13:47:08] NOTICE: Terminating ...
[16-Oct-2023 13:47:08] NOTICE: Terminating ...
[16-Oct-2023 13:47:08] NOTICE: exiting, bye-bye!
[16-Oct-2023 16:12:18] NOTICE: fpm is running, pid 35453
[16-Oct-2023 16:12:18] NOTICE: ready to handle connections
[16-Oct-2023 18:38:43] NOTICE: Terminating ...
[16-Oct-2023 18:38:43] NOTICE: exiting, bye-bye!
[16-Oct-2023 18:38:43] NOTICE: Terminating ...
[16-Oct-2023 18:38:43] NOTICE: exiting, bye-bye!
[16-Oct-2023 18:43:20] NOTICE: fpm is running, pid 5017
[16-Oct-2023 18:43:20] NOTICE: ready to handle connections
[16-Oct-2023 18:45:26] NOTICE: Terminating ...
[16-Oct-2023 18:45:26] NOTICE: Terminating ...
[16-Oct-2023 18:45:26] NOTICE: exiting, bye-bye!
[16-Oct-2023 18:45:33] NOTICE: fpm is running, pid 5878
[16-Oct-2023 18:45:33] NOTICE: ready to handle connections
[16-Oct-2023 18:45:51] NOTICE: Terminating ...
[16-Oct-2023 18:45:51] NOTICE: Terminating ...
[16-Oct-2023 18:45:51] NOTICE: exiting, bye-bye!
[16-Oct-2023 18:47:29] NOTICE: fpm is running, pid 6239
[16-Oct-2023 18:47:29] NOTICE: ready to handle connections
[16-Oct-2023 18:49:30] NOTICE: Terminating ...
[16-Oct-2023 18:49:30] NOTICE: Terminating ...
[16-Oct-2023 18:49:30] NOTICE: exiting, bye-bye!
[16-Oct-2023 18:49:33] NOTICE: fpm is running, pid 6604
[16-Oct-2023 18:49:33] NOTICE: ready to handle connections
[16-Oct-2023 18:49:51] NOTICE: Terminating ...
[16-Oct-2023 18:49:51] NOTICE: Terminating ...
[16-Oct-2023 18:49:51] NOTICE: exiting, bye-bye!
[16-Oct-2023 18:50:16] NOTICE: fpm is running, pid 6781
[16-Oct-2023 18:50:16] NOTICE: ready to handle connections
[16-Oct-2023 19:42:10] NOTICE: Terminating ...
[16-Oct-2023 19:42:10] NOTICE: Terminating ...
[16-Oct-2023 19:42:10] NOTICE: exiting, bye-bye!
[17-Oct-2023 10:32:17] NOTICE: fpm is running, pid 9050
[17-Oct-2023 10:32:17] NOTICE: ready to handle connections
[17-Oct-2023 19:02:37] NOTICE: Terminating ...
[17-Oct-2023 19:02:37] NOTICE: Terminating ...
[17-Oct-2023 19:02:37] NOTICE: exiting, bye-bye!
[17-Oct-2023 19:02:40] NOTICE: fpm is running, pid 30525
[17-Oct-2023 19:02:40] NOTICE: ready to handle connections
[17-Oct-2023 23:07:30] NOTICE: Terminating ...
[17-Oct-2023 23:07:30] NOTICE: Terminating ...
[17-Oct-2023 23:07:30] NOTICE: exiting, bye-bye!
[18-Oct-2023 10:13:47] NOTICE: fpm is running, pid 5751
[18-Oct-2023 10:13:47] NOTICE: ready to handle connections
